<?xml version="1.0" encoding="UTF-8"?>
<testng-results skipped="0" failed="0" total="1" passed="1">
  <reporter-output>
  </reporter-output>
  <suite name="Default suite" duration-ms="4717" started-at="2015-06-30T07:02:40Z" finished-at="2015-06-30T07:02:45Z">
    <groups>
    </groups>
    <test name="Default test" duration-ms="4717" started-at="2015-06-30T07:02:40Z" finished-at="2015-06-30T07:02:45Z">
      <class name="IE.IEBrowser">
        <test-method status="PASS" signature="launchIE()[pri:0, instance:IE.IEBrowser@d73c52f]" name="launchIE" duration-ms="4702" started-at="2015-06-30T12:32:40Z" finished-at="2015-06-30T12:32:45Z">
          <reporter-output>
          </reporter-output>
        </test-method> <!-- launchIE -->
      </class> <!-- IE.IEBrowser -->
    </test> <!-- Default test -->
  </suite> <!-- Default suite -->
</testng-results>
